1608495924254	geckodriver	INFO	Listening on 127.0.0.1:50125
1608495927300	mozrunner::runner	INFO	Running command: "C:\\Program Files\\Mozilla Firefox\\firefox.exe" "--marionette" "-headless" "-foreground" "-no-remote" "-profile" "C:\\Users\\dusha\\AppData\\Local\\Temp\\rust_mozprofilepcmDQJ"
*** You are running in headless mode.
console.warn: SearchSettings: "get: No settings file exists, new profile?" (new Error("", "(unknown module)"))
1608495929666	Marionette	INFO	Listening on port 50133
1608495930000	Marionette	WARN	TLS certificate errors will be ignored for this session
1608495946917	Marionette	INFO	Stopped listening on port 50133
1608495977153	geckodriver	INFO	Listening on 127.0.0.1:50200
1608495980225	mozrunner::runner	INFO	Running command: "C:\\Program Files\\Mozilla Firefox\\firefox.exe" "--marionette" "-headless" "-foreground" "-no-remote" "-profile" "C:\\Users\\dusha\\AppData\\Local\\Temp\\rust_mozprofilejbpUDs"
*** You are running in headless mode.
console.warn: SearchSettings: "get: No settings file exists, new profile?" (new Error("", "(unknown module)"))
1608495982337	Marionette	INFO	Listening on port 50209
1608495982401	Marionette	WARN	TLS certificate errors will be ignored for this session
1608495988597	Marionette	INFO	Stopped listening on port 50209
1608496048345	geckodriver	INFO	Listening on 127.0.0.1:50271
1608496051413	mozrunner::runner	INFO	Running command: "C:\\Program Files\\Mozilla Firefox\\firefox.exe" "--marionette" "-headless" "-foreground" "-no-remote" "-profile" "C:\\Users\\dusha\\AppData\\Local\\Temp\\rust_mozprofilebOyDJl"
*** You are running in headless mode.
console.warn: SearchSettings: "get: No settings file exists, new profile?" (new Error("", "(unknown module)"))
1608496053571	Marionette	INFO	Listening on port 50280
1608496054087	Marionette	WARN	TLS certificate errors will be ignored for this session
1608496067391	Marionette	INFO	Stopped listening on port 50280
1608496307379	geckodriver	INFO	Listening on 127.0.0.1:50439
1608496310452	mozrunner::runner	INFO	Running command: "C:\\Program Files\\Mozilla Firefox\\firefox.exe" "--marionette" "-headless" "-foreground" "-no-remote" "-profile" "C:\\Users\\dusha\\AppData\\Local\\Temp\\rust_mozprofileka99fa"
*** You are running in headless mode.
console.warn: SearchSettings: "get: No settings file exists, new profile?" (new Error("", "(unknown module)"))
1608496313352	Marionette	INFO	Listening on port 50447
1608496313664	Marionette	WARN	TLS certificate errors will be ignored for this session
JavaScript error: , line 0: NS_ERROR_NOT_AVAILABLE
1:50520
1608496331527	mozrunner::runner	INFO	Running command: "C:\\Program Files\\Mozilla Firefox\\firefox.exe" "--marionette" "-headless" "-foreground" "-no-remote" "-profile" "C:\\Users\\dusha\\AppData\\Local\\Temp\\rust_mozprofilewZ34ny"
*** You are running in headless mode.
console.warn: SearchSettings: "get: No settings file exists, new profile?" (new Error("", "(unknown module)"))
1608496334001	Marionette	INFO	Listening on port 50528
1608496334298	Marionette	WARN	TLS certificate errors will be ignored for this session
1608496339094	Marionette	INFO	Stopped listening on port 50528
JavaScript error: resource://gre/modules/UrlClassifierListManager.jsm, line 691: TypeError: this.tablesData[table] is undefined
1608496426290	geckodriver	INFO	Listening on 127.0.0.1:50622
1608496429350	mozrunner::runner	INFO	Running command: "C:\\Program Files\\Mozilla Firefox\\firefox.exe" "--marionette" "-headless" "-foreground" "-no-remote" "-profile" "C:\\Users\\dusha\\AppData\\Local\\Temp\\rust_mozprofilemmFtk8"
*** You are running in headless mode.
console.warn: SearchSettings: "get: No settings file exists, new profile?" (new Error("", "(unknown module)"))
1608496432264	Marionette	INFO	Listening on port 50630
1608496432544	Marionette	WARN	TLS certificate errors will be ignored for this session
1608496436873	Marionette	INFO	Stopped listening on port 50630
JavaScript error: resource://gre/modules/UrlClassifierListManager.jsm, line 691: TypeError: this.tablesData[table] is undefined
1608496688655	geckodriver	INFO	Listening on 127.0.0.1:50747
1608496691734	mozrunner::runner	INFO	Running command: "C:\\Program Files\\Mozilla Firefox\\firefox.exe" "--marionette" "-headless" "-foreground" "-no-remote" "-profile" "C:\\Users\\dusha\\AppData\\Local\\Temp\\rust_mozprofilem1huzg"
*** You are running in headless mode.
console.warn: SearchSettings: "get: No settings file exists, new profile?" (new Error("", "(unknown module)"))
1608496694003	Marionette	INFO	Listening on port 50755
1608496694419	Marionette	WARN	TLS certificate errors will be ignored for this session
1608496699522	Marionette	INFO	Stopped listening on port 50755
1608496780040	geckodriver	INFO	Listening on 127.0.0.1:50840
1608496783117	mozrunner::runner	INFO	Running command: "C:\\Program Files\\Mozilla Firefox\\firefox.exe" "--marionette" "-headless" "-foreground" "-no-remote" "-profile" "C:\\Users\\dusha\\AppData\\Local\\Temp\\rust_mozprofileEvrrqE"
*** You are running in headless mode.
console.warn: SearchSettings: "get: No settings file exists, new profile?" (new Error("", "(unknown module)"))
1608496785175	Marionette	INFO	Listening on port 50848
1608496785291	Marionette	WARN	TLS certificate errors will be ignored for this session
1608496790402	Marionette	INFO	Stopped listening on port 50848
1608496873725	geckodriver	INFO	Listening on 127.0.0.1:50930
1608496876791	mozrunner::runner	INFO	Running command: "C:\\Program Files\\Mozilla Firefox\\firefox.exe" "--marionette" "-headless" "-foreground" "-no-remote" "-profile" "C:\\Users\\dusha\\AppData\\Local\\Temp\\rust_mozprofileqPoYCP"
*** You are running in headless mode.
console.warn: SearchSettings: "get: No settings file exists, new profile?" (new Error("", "(unknown module)"))
1608496878770	Marionette	INFO	Listening on port 50938
1608496878851	Marionette	WARN	TLS certificate errors will be ignored for this session
1608496883422	Marionette	INFO	Stopped listening on port 50938
1608496904253	geckodriver	INFO	Listening on 127.0.0.1:50994
1608496907769	mozrunner::runner	INFO	Running command: "C:\\Program Files\\Mozilla Firefox\\firefox.exe" "--marionette" "-headless" "-foreground" "-no-remote" "-profile" "C:\\Users\\dusha\\AppData\\Local\\Temp\\rust_mozprofilegzUbtr"
*** You are running in headless mode.
console.warn: SearchSettings: "get: No settings file exists, new profile?" (new Error("", "(unknown module)"))
1608496913200	Marionette	INFO	Listening on port 51002
1608496913641	Marionette	WARN	TLS certificate errors will be ignored for this session
1608496917099	Marionette	INFO	Stopped listening on port 51002
1608496936143	geckodriver	INFO	Listening on 127.0.0.1:51070
1608496939200	mozrunner::runner	INFO	Running command: "C:\\Program Files\\Mozilla Firefox\\firefox.exe" "--marionette" "-headless" "-foreground" "-no-remote" "-profile" "C:\\Users\\dusha\\AppData\\Local\\Temp\\rust_mozprofileifMgyE"
*** You are running in headless mode.
console.warn: SearchSettings: "get: No settings file exists, new profile?" (new Error("", "(unknown module)"))
1608496941467	Marionette	INFO	Listening on port 51079
1608496941884	Marionette	WARN	TLS certificate errors will be ignored for this session
1608496946455	Marionette	INFO	Stopped listening on port 51079
1608497024464	geckodriver	INFO	Listening on 127.0.0.1:51157
1608497027528	mozrunner::runner	INFO	Running command: "C:\\Program Files\\Mozilla Firefox\\firefox.exe" "--marionette" "-headless" "-foreground" "-no-remote" "-profile" "C:\\Users\\dusha\\AppData\\Local\\Temp\\rust_mozprofileih3MWA"
*** You are running in headless mode.
console.warn: SearchSettings: "get: No settings file exists, new profile?" (new Error("", "(unknown module)"))
1608497029877	Marionette	INFO	Listening on port 51166
1608497030220	Marionette	WARN	TLS certificate errors will be ignored for this session
1608497034526	Marionette	INFO	Stopped listening on port 51166
1608498539404	geckodriver	INFO	Listening on 127.0.0.1:65093
1608498542670	mozrunner::runner	INFO	Running command: "C:\\Program Files\\Mozilla Firefox\\firefox.exe" "--marionette" "-headless" "-foreground" "-no-remote" "-profile" "C:\\Users\\dusha\\AppData\\Local\\Temp\\rust_mozprofileUkBRUA"
*** You are running in headless mode.
console.warn: SearchSettings: "get: No settings file exists, new profile?" (new Error("", "(unknown module)"))
1608498547011	Marionette	INFO	Listening on port 65101
1608498547513	Marionette	WARN	TLS certificate errors will be ignored for this session
1608498552540	Marionette	INFO	Stopped listening on port 65101
1608498689451	geckodriver	INFO	Listening on 127.0.0.1:65195
1608498692520	mozrunner::runner	INFO	Running command: "C:\\Program Files\\Mozilla Firefox\\firefox.exe" "--marionette" "-headless" "-foreground" "-no-remote" "-profile" "C:\\Users\\dusha\\AppData\\Local\\Temp\\rust_mozprofile8sDFhj"
*** You are running in headless mode.
console.warn: SearchSettings: "get: No settings file exists, new profile?" (new Error("", "(unknown module)"))
1608498694798	Marionette	INFO	Listening on port 65204
1608498695248	Marionette	WARN	TLS certificate errors will be ignored for this session
1608498701259	Marionette	INFO	Stopped listening on port 65204
